DEBUG - 2025-11-20 03:23:41 --> Session: Class initialized using 'CodeIgniter\Session\Handlers\FileHandler' driver.
DEBUG - 2025-11-20 03:23:41 --> Session: Class initialized using 'CodeIgniter\Session\Handlers\FileHandler' driver.
DEBUG - 2025-11-20 03:23:52 --> Session: Class initialized using 'CodeIgniter\Session\Handlers\FileHandler' driver.
DEBUG - 2025-11-20 03:23:53 --> Session: Class initialized using 'CodeIgniter\Session\Handlers\FileHandler' driver.
DEBUG - 2025-11-20 03:23:57 --> Session: Class initialized using 'CodeIgniter\Session\Handlers\FileHandler' driver.
DEBUG - 2025-11-20 03:24:02 --> Session: Class initialized using 'CodeIgniter\Session\Handlers\FileHandler' driver.
DEBUG - 2025-11-20 03:24:02 --> Session: Class initialized using 'CodeIgniter\Session\Handlers\FileHandler' driver.
DEBUG - 2025-11-20 03:24:04 --> Session: Class initialized using 'CodeIgniter\Session\Handlers\FileHandler' driver.
DEBUG - 2025-11-20 03:24:07 --> Session: Class initialized using 'CodeIgniter\Session\Handlers\FileHandler' driver.
DEBUG - 2025-11-20 03:24:10 --> Session: Class initialized using 'CodeIgniter\Session\Handlers\FileHandler' driver.
DEBUG - 2025-11-20 03:24:33 --> Session: Class initialized using 'CodeIgniter\Session\Handlers\FileHandler' driver.
DEBUG - 2025-11-20 03:24:36 --> Session: Class initialized using 'CodeIgniter\Session\Handlers\FileHandler' driver.
DEBUG - 2025-11-20 03:27:01 --> Session: Class initialized using 'CodeIgniter\Session\Handlers\FileHandler' driver.
DEBUG - 2025-11-20 03:27:04 --> Session: Class initialized using 'CodeIgniter\Session\Handlers\FileHandler' driver.
CRITICAL - 2025-11-20 03:27:04 --> ErrorException: Cannot redeclare base_url() (previously declared in C:\xampp\htdocs\ci4_travel\system\Helpers\url_helper.php:53)
[Method: GET, Route: pesanan/konfirmasi]
in APPPATH\Views\pesanan\konfirmasi.php on line 2.
 1 [internal function]: CodeIgniter\Debug\Exceptions->shutdownHandler()
DEBUG - 2025-11-20 03:27:13 --> Session: Class initialized using 'CodeIgniter\Session\Handlers\FileHandler' driver.
DEBUG - 2025-11-20 03:28:42 --> Session: Class initialized using 'CodeIgniter\Session\Handlers\FileHandler' driver.
CRITICAL - 2025-11-20 03:28:43 --> ErrorException: Cannot redeclare base_url() (previously declared in C:\xampp\htdocs\ci4_travel\system\Helpers\url_helper.php:53)
[Method: GET, Route: pesanan/pilih_rute]
in APPPATH\Views\pesanan\pilih_rute.php on line 4.
 1 [internal function]: CodeIgniter\Debug\Exceptions->shutdownHandler()
DEBUG - 2025-11-20 03:28:44 --> Session: Class initialized using 'CodeIgniter\Session\Handlers\FileHandler' driver.
CRITICAL - 2025-11-20 03:28:44 --> ErrorException: Cannot redeclare base_url() (previously declared in C:\xampp\htdocs\ci4_travel\system\Helpers\url_helper.php:53)
[Method: GET, Route: pesanan/pemesanan]
in APPPATH\Views\pesanan\pemesanan.php on line 5.
 1 [internal function]: CodeIgniter\Debug\Exceptions->shutdownHandler()
DEBUG - 2025-11-20 03:28:45 --> Session: Class initialized using 'CodeIgniter\Session\Handlers\FileHandler' driver.
DEBUG - 2025-11-20 03:28:46 --> Session: Class initialized using 'CodeIgniter\Session\Handlers\FileHandler' driver.
DEBUG - 2025-11-20 03:28:49 --> Session: Class initialized using 'CodeIgniter\Session\Handlers\FileHandler' driver.
CRITICAL - 2025-11-20 03:28:49 --> ErrorException: Cannot redeclare base_url() (previously declared in C:\xampp\htdocs\ci4_travel\system\Helpers\url_helper.php:53)
[Method: GET, Route: pesanan/pemesanan]
in APPPATH\Views\pesanan\pemesanan.php on line 5.
 1 [internal function]: CodeIgniter\Debug\Exceptions->shutdownHandler()
DEBUG - 2025-11-20 03:29:16 --> Session: Class initialized using 'CodeIgniter\Session\Handlers\FileHandler' driver.
DEBUG - 2025-11-20 03:30:52 --> Session: Class initialized using 'CodeIgniter\Session\Handlers\FileHandler' driver.
DEBUG - 2025-11-20 03:30:53 --> Session: Class initialized using 'CodeIgniter\Session\Handlers\FileHandler' driver.
DEBUG - 2025-11-20 03:30:55 --> Session: Class initialized using 'CodeIgniter\Session\Handlers\FileHandler' driver.
DEBUG - 2025-11-20 03:31:00 --> Session: Class initialized using 'CodeIgniter\Session\Handlers\FileHandler' driver.
DEBUG - 2025-11-20 03:31:03 --> Session: Class initialized using 'CodeIgniter\Session\Handlers\FileHandler' driver.
CRITICAL - 2025-11-20 03:31:03 --> ErrorException: Cannot redeclare base_url() (previously declared in C:\xampp\htdocs\ci4_travel\system\Helpers\url_helper.php:53)
[Method: GET, Route: pesanan/konfirmasi]
in APPPATH\Views\pesanan\konfirmasi.php on line 3.
 1 [internal function]: CodeIgniter\Debug\Exceptions->shutdownHandler()
DEBUG - 2025-11-20 03:33:28 --> Session: Class initialized using 'CodeIgniter\Session\Handlers\FileHandler' driver.
DEBUG - 2025-11-20 03:33:33 --> Session: Class initialized using 'CodeIgniter\Session\Handlers\FileHandler' driver.
DEBUG - 2025-11-20 03:33:34 --> Session: Class initialized using 'CodeIgniter\Session\Handlers\FileHandler' driver.
DEBUG - 2025-11-20 03:33:36 --> Session: Class initialized using 'CodeIgniter\Session\Handlers\FileHandler' driver.
DEBUG - 2025-11-20 03:33:38 --> Session: Class initialized using 'CodeIgniter\Session\Handlers\FileHandler' driver.
DEBUG - 2025-11-20 03:33:47 --> Session: Class initialized using 'CodeIgniter\Session\Handlers\FileHandler' driver.
DEBUG - 2025-11-20 03:33:47 --> Session: Class initialized using 'CodeIgniter\Session\Handlers\FileHandler' driver.
DEBUG - 2025-11-20 03:33:49 --> Session: Class initialized using 'CodeIgniter\Session\Handlers\FileHandler' driver.
DEBUG - 2025-11-20 03:33:52 --> Session: Class initialized using 'CodeIgniter\Session\Handlers\FileHandler' driver.
DEBUG - 2025-11-20 03:33:56 --> Session: Class initialized using 'CodeIgniter\Session\Handlers\FileHandler' driver.
DEBUG - 2025-11-20 03:34:17 --> Session: Class initialized using 'CodeIgniter\Session\Handlers\FileHandler' driver.
DEBUG - 2025-11-20 03:34:47 --> Session: Class initialized using 'CodeIgniter\Session\Handlers\FileHandler' driver.
DEBUG - 2025-11-20 03:34:48 --> Session: Class initialized using 'CodeIgniter\Session\Handlers\FileHandler' driver.
DEBUG - 2025-11-20 03:34:48 --> Session: Class initialized using 'CodeIgniter\Session\Handlers\FileHandler' driver.
DEBUG - 2025-11-20 03:34:50 --> Session: Class initialized using 'CodeIgniter\Session\Handlers\FileHandler' driver.
DEBUG - 2025-11-20 03:34:53 --> Session: Class initialized using 'CodeIgniter\Session\Handlers\FileHandler' driver.
DEBUG - 2025-11-20 03:34:55 --> Session: Class initialized using 'CodeIgniter\Session\Handlers\FileHandler' driver.
DEBUG - 2025-11-20 03:35:05 --> Session: Class initialized using 'CodeIgniter\Session\Handlers\FileHandler' driver.
DEBUG - 2025-11-20 03:35:05 --> Session: Class initialized using 'CodeIgniter\Session\Handlers\FileHandler' driver.
DEBUG - 2025-11-20 03:35:07 --> Session: Class initialized using 'CodeIgniter\Session\Handlers\FileHandler' driver.
DEBUG - 2025-11-20 03:35:08 --> Session: Class initialized using 'CodeIgniter\Session\Handlers\FileHandler' driver.
DEBUG - 2025-11-20 03:35:12 --> Session: Class initialized using 'CodeIgniter\Session\Handlers\FileHandler' driver.
DEBUG - 2025-11-20 03:36:57 --> Session: Class initialized using 'CodeIgniter\Session\Handlers\FileHandler' driver.
DEBUG - 2025-11-20 03:37:01 --> Session: Class initialized using 'CodeIgniter\Session\Handlers\FileHandler' driver.
DEBUG - 2025-11-20 03:37:33 --> Session: Class initialized using 'CodeIgniter\Session\Handlers\FileHandler' driver.
DEBUG - 2025-11-20 03:37:40 --> Session: Class initialized using 'CodeIgniter\Session\Handlers\FileHandler' driver.
DEBUG - 2025-11-20 03:37:53 --> Session: Class initialized using 'CodeIgniter\Session\Handlers\FileHandler' driver.
DEBUG - 2025-11-20 03:37:54 --> Session: Class initialized using 'CodeIgniter\Session\Handlers\FileHandler' driver.
DEBUG - 2025-11-20 03:37:56 --> Session: Class initialized using 'CodeIgniter\Session\Handlers\FileHandler' driver.
DEBUG - 2025-11-20 03:37:57 --> Session: Class initialized using 'CodeIgniter\Session\Handlers\FileHandler' driver.
DEBUG - 2025-11-20 03:38:05 --> Session: Class initialized using 'CodeIgniter\Session\Handlers\FileHandler' driver.
DEBUG - 2025-11-20 03:43:21 --> Session: Class initialized using 'CodeIgniter\Session\Handlers\FileHandler' driver.
DEBUG - 2025-11-20 03:43:24 --> Session: Class initialized using 'CodeIgniter\Session\Handlers\FileHandler' driver.
DEBUG - 2025-11-20 03:43:25 --> Session: Class initialized using 'CodeIgniter\Session\Handlers\FileHandler' driver.
DEBUG - 2025-11-20 03:43:26 --> Session: Class initialized using 'CodeIgniter\Session\Handlers\FileHandler' driver.
DEBUG - 2025-11-20 03:43:28 --> Session: Class initialized using 'CodeIgniter\Session\Handlers\FileHandler' driver.
DEBUG - 2025-11-20 03:43:31 --> Session: Class initialized using 'CodeIgniter\Session\Handlers\FileHandler' driver.
DEBUG - 2025-11-20 03:43:40 --> Session: Class initialized using 'CodeIgniter\Session\Handlers\FileHandler' driver.
DEBUG - 2025-11-20 03:43:40 --> Session: Class initialized using 'CodeIgniter\Session\Handlers\FileHandler' driver.
DEBUG - 2025-11-20 03:43:42 --> Session: Class initialized using 'CodeIgniter\Session\Handlers\FileHandler' driver.
DEBUG - 2025-11-20 03:43:46 --> Session: Class initialized using 'CodeIgniter\Session\Handlers\FileHandler' driver.
DEBUG - 2025-11-20 03:43:49 --> Session: Class initialized using 'CodeIgniter\Session\Handlers\FileHandler' driver.
DEBUG - 2025-11-20 03:44:35 --> Session: Class initialized using 'CodeIgniter\Session\Handlers\FileHandler' driver.
DEBUG - 2025-11-20 03:44:51 --> Session: Class initialized using 'CodeIgniter\Session\Handlers\FileHandler' driver.
DEBUG - 2025-11-20 03:45:00 --> Session: Class initialized using 'CodeIgniter\Session\Handlers\FileHandler' driver.
DEBUG - 2025-11-20 03:45:01 --> Session: Class initialized using 'CodeIgniter\Session\Handlers\FileHandler' driver.
DEBUG - 2025-11-20 03:45:04 --> Session: Class initialized using 'CodeIgniter\Session\Handlers\FileHandler' driver.
DEBUG - 2025-11-20 03:45:06 --> Session: Class initialized using 'CodeIgniter\Session\Handlers\FileHandler' driver.
DEBUG - 2025-11-20 03:46:13 --> Session: Class initialized using 'CodeIgniter\Session\Handlers\FileHandler' driver.
DEBUG - 2025-11-20 03:46:14 --> Session: Class initialized using 'CodeIgniter\Session\Handlers\FileHandler' driver.
DEBUG - 2025-11-20 03:47:14 --> Session: Class initialized using 'CodeIgniter\Session\Handlers\FileHandler' driver.
DEBUG - 2025-11-20 03:47:20 --> Session: Class initialized using 'CodeIgniter\Session\Handlers\FileHandler' driver.
DEBUG - 2025-11-20 03:47:31 --> Session: Class initialized using 'CodeIgniter\Session\Handlers\FileHandler' driver.
DEBUG - 2025-11-20 03:47:32 --> Session: Class initialized using 'CodeIgniter\Session\Handlers\FileHandler' driver.
DEBUG - 2025-11-20 03:47:33 --> Session: Class initialized using 'CodeIgniter\Session\Handlers\FileHandler' driver.
DEBUG - 2025-11-20 03:47:35 --> Session: Class initialized using 'CodeIgniter\Session\Handlers\FileHandler' driver.
DEBUG - 2025-11-20 03:47:38 --> Session: Class initialized using 'CodeIgniter\Session\Handlers\FileHandler' driver.
DEBUG - 2025-11-20 03:48:36 --> Session: Class initialized using 'CodeIgniter\Session\Handlers\FileHandler' driver.
DEBUG - 2025-11-20 03:50:05 --> Session: Class initialized using 'CodeIgniter\Session\Handlers\FileHandler' driver.
DEBUG - 2025-11-20 03:50:07 --> Session: Class initialized using 'CodeIgniter\Session\Handlers\FileHandler' driver.
DEBUG - 2025-11-20 03:50:22 --> Session: Class initialized using 'CodeIgniter\Session\Handlers\FileHandler' driver.
DEBUG - 2025-11-20 03:50:23 --> Session: Class initialized using 'CodeIgniter\Session\Handlers\FileHandler' driver.
DEBUG - 2025-11-20 03:50:24 --> Session: Class initialized using 'CodeIgniter\Session\Handlers\FileHandler' driver.
DEBUG - 2025-11-20 03:50:25 --> Session: Class initialized using 'CodeIgniter\Session\Handlers\FileHandler' driver.
DEBUG - 2025-11-20 03:50:25 --> Session: Class initialized using 'CodeIgniter\Session\Handlers\FileHandler' driver.
DEBUG - 2025-11-20 03:50:29 --> Session: Class initialized using 'CodeIgniter\Session\Handlers\FileHandler' driver.
DEBUG - 2025-11-20 03:59:27 --> Session: Class initialized using 'CodeIgniter\Session\Handlers\FileHandler' driver.
DEBUG - 2025-11-20 03:59:30 --> Session: Class initialized using 'CodeIgniter\Session\Handlers\FileHandler' driver.
DEBUG - 2025-11-20 03:59:34 --> Session: Class initialized using 'CodeIgniter\Session\Handlers\FileHandler' driver.
DEBUG - 2025-11-20 03:59:35 --> Session: Class initialized using 'CodeIgniter\Session\Handlers\FileHandler' driver.
DEBUG - 2025-11-20 03:59:37 --> Session: Class initialized using 'CodeIgniter\Session\Handlers\FileHandler' driver.
DEBUG - 2025-11-20 03:59:39 --> Session: Class initialized using 'CodeIgniter\Session\Handlers\FileHandler' driver.
DEBUG - 2025-11-20 03:59:42 --> Session: Class initialized using 'CodeIgniter\Session\Handlers\FileHandler' driver.
CRITICAL - 2025-11-20 03:59:42 --> ErrorException: Undefined variable $id_rute
[Method: GET, Route: pesanan/konfirmasi]
in APPPATH\Views\pesanan\konfirmasi.php on line 189.
 1 APPPATH\Views\pesanan\konfirmasi.php(189): CodeIgniter\Debug\Exceptions->errorHandler(2, 'Undefined variable $id_rute', 'C:\\xampp\\htdocs\\ci4_travel\\app\\Views\\pesanan\\konfirmasi.php', 189)
 2 SYSTEMPATH\View\View.php(226): include('C:\\xampp\\htdocs\\ci4_travel\\app\\Views\\pesanan\\konfirmasi.php')
 3 SYSTEMPATH\View\View.php(229): CodeIgniter\View\View->CodeIgniter\View\{closure}()
 4 SYSTEMPATH\Common.php(1167): CodeIgniter\View\View->render('pesanan/konfirmasi', [], true)
 5 APPPATH\Controllers\Konfirmasi.php(32): view('pesanan/konfirmasi', [...])
 6 SYSTEMPATH\CodeIgniter.php(933): App\Controllers\Konfirmasi->index()
 7 SYSTEMPATH\CodeIgniter.php(507): CodeIgniter\CodeIgniter->runController(Object(App\Controllers\Konfirmasi))
 8 SYSTEMPATH\CodeIgniter.php(354): CodeIgniter\CodeIgniter->handleRequest(null, Object(Config\Cache), false)
 9 SYSTEMPATH\Boot.php(363): CodeIgniter\CodeIgniter->run()
10 SYSTEMPATH\Boot.php(68): CodeIgniter\Boot::runCodeIgniter(Object(CodeIgniter\CodeIgniter))
11 FCPATH\index.php(59): CodeIgniter\Boot::bootWeb(Object(Config\Paths))
12 SYSTEMPATH\rewrite.php(44): require_once('C:\\xampp\\htdocs\\ci4_travel\\public\\index.php')
DEBUG - 2025-11-20 05:26:27 --> Session: Class initialized using 'CodeIgniter\Session\Handlers\FileHandler' driver.
DEBUG - 2025-11-20 05:26:30 --> Session: Class initialized using 'CodeIgniter\Session\Handlers\FileHandler' driver.
DEBUG - 2025-11-20 05:26:43 --> Session: Class initialized using 'CodeIgniter\Session\Handlers\FileHandler' driver.
DEBUG - 2025-11-20 05:26:44 --> Session: Class initialized using 'CodeIgniter\Session\Handlers\FileHandler' driver.
DEBUG - 2025-11-20 05:26:46 --> Session: Class initialized using 'CodeIgniter\Session\Handlers\FileHandler' driver.
DEBUG - 2025-11-20 05:26:48 --> Session: Class initialized using 'CodeIgniter\Session\Handlers\FileHandler' driver.
DEBUG - 2025-11-20 05:26:52 --> Session: Class initialized using 'CodeIgniter\Session\Handlers\FileHandler' driver.
CRITICAL - 2025-11-20 05:26:52 --> ErrorException: Undefined variable $id_rute
[Method: GET, Route: pesanan/konfirmasi]
in APPPATH\Views\pesanan\konfirmasi.php on line 189.
 1 APPPATH\Views\pesanan\konfirmasi.php(189): CodeIgniter\Debug\Exceptions->errorHandler(2, 'Undefined variable $id_rute', 'C:\\xampp\\htdocs\\ci4_travel\\app\\Views\\pesanan\\konfirmasi.php', 189)
 2 SYSTEMPATH\View\View.php(226): include('C:\\xampp\\htdocs\\ci4_travel\\app\\Views\\pesanan\\konfirmasi.php')
 3 SYSTEMPATH\View\View.php(229): CodeIgniter\View\View->CodeIgniter\View\{closure}()
 4 SYSTEMPATH\Common.php(1167): CodeIgniter\View\View->render('pesanan/konfirmasi', [], true)
 5 APPPATH\Controllers\Konfirmasi.php(32): view('pesanan/konfirmasi', [...])
 6 SYSTEMPATH\CodeIgniter.php(933): App\Controllers\Konfirmasi->index()
 7 SYSTEMPATH\CodeIgniter.php(507): CodeIgniter\CodeIgniter->runController(Object(App\Controllers\Konfirmasi))
 8 SYSTEMPATH\CodeIgniter.php(354): CodeIgniter\CodeIgniter->handleRequest(null, Object(Config\Cache), false)
 9 SYSTEMPATH\Boot.php(363): CodeIgniter\CodeIgniter->run()
10 SYSTEMPATH\Boot.php(68): CodeIgniter\Boot::runCodeIgniter(Object(CodeIgniter\CodeIgniter))
11 FCPATH\index.php(59): CodeIgniter\Boot::bootWeb(Object(Config\Paths))
12 SYSTEMPATH\rewrite.php(44): require_once('C:\\xampp\\htdocs\\ci4_travel\\public\\index.php')
DEBUG - 2025-11-20 05:28:02 --> Session: Class initialized using 'CodeIgniter\Session\Handlers\FileHandler' driver.
CRITICAL - 2025-11-20 05:28:02 --> ErrorException: Undefined variable $id_rute
[Method: GET, Route: pesanan/konfirmasi]
in APPPATH\Views\pesanan\konfirmasi.php on line 189.
 1 APPPATH\Views\pesanan\konfirmasi.php(189): CodeIgniter\Debug\Exceptions->errorHandler(2, 'Undefined variable $id_rute', 'C:\\xampp\\htdocs\\ci4_travel\\app\\Views\\pesanan\\konfirmasi.php', 189)
 2 SYSTEMPATH\View\View.php(226): include('C:\\xampp\\htdocs\\ci4_travel\\app\\Views\\pesanan\\konfirmasi.php')
 3 SYSTEMPATH\View\View.php(229): CodeIgniter\View\View->CodeIgniter\View\{closure}()
 4 SYSTEMPATH\Common.php(1167): CodeIgniter\View\View->render('pesanan/konfirmasi', [], true)
 5 APPPATH\Controllers\Konfirmasi.php(32): view('pesanan/konfirmasi', [...])
 6 SYSTEMPATH\CodeIgniter.php(933): App\Controllers\Konfirmasi->index()
 7 SYSTEMPATH\CodeIgniter.php(507): CodeIgniter\CodeIgniter->runController(Object(App\Controllers\Konfirmasi))
 8 SYSTEMPATH\CodeIgniter.php(354): CodeIgniter\CodeIgniter->handleRequest(null, Object(Config\Cache), false)
 9 SYSTEMPATH\Boot.php(363): CodeIgniter\CodeIgniter->run()
10 SYSTEMPATH\Boot.php(68): CodeIgniter\Boot::runCodeIgniter(Object(CodeIgniter\CodeIgniter))
11 FCPATH\index.php(59): CodeIgniter\Boot::bootWeb(Object(Config\Paths))
12 SYSTEMPATH\rewrite.php(44): require_once('C:\\xampp\\htdocs\\ci4_travel\\public\\index.php')
DEBUG - 2025-11-20 05:28:03 --> Session: Class initialized using 'CodeIgniter\Session\Handlers\FileHandler' driver.
CRITICAL - 2025-11-20 05:28:03 --> ErrorException: Undefined variable $id_rute
[Method: GET, Route: pesanan/konfirmasi]
in APPPATH\Views\pesanan\konfirmasi.php on line 189.
 1 APPPATH\Views\pesanan\konfirmasi.php(189): CodeIgniter\Debug\Exceptions->errorHandler(2, 'Undefined variable $id_rute', 'C:\\xampp\\htdocs\\ci4_travel\\app\\Views\\pesanan\\konfirmasi.php', 189)
 2 SYSTEMPATH\View\View.php(226): include('C:\\xampp\\htdocs\\ci4_travel\\app\\Views\\pesanan\\konfirmasi.php')
 3 SYSTEMPATH\View\View.php(229): CodeIgniter\View\View->CodeIgniter\View\{closure}()
 4 SYSTEMPATH\Common.php(1167): CodeIgniter\View\View->render('pesanan/konfirmasi', [], true)
 5 APPPATH\Controllers\Konfirmasi.php(32): view('pesanan/konfirmasi', [...])
 6 SYSTEMPATH\CodeIgniter.php(933): App\Controllers\Konfirmasi->index()
 7 SYSTEMPATH\CodeIgniter.php(507): CodeIgniter\CodeIgniter->runController(Object(App\Controllers\Konfirmasi))
 8 SYSTEMPATH\CodeIgniter.php(354): CodeIgniter\CodeIgniter->handleRequest(null, Object(Config\Cache), false)
 9 SYSTEMPATH\Boot.php(363): CodeIgniter\CodeIgniter->run()
10 SYSTEMPATH\Boot.php(68): CodeIgniter\Boot::runCodeIgniter(Object(CodeIgniter\CodeIgniter))
11 FCPATH\index.php(59): CodeIgniter\Boot::bootWeb(Object(Config\Paths))
12 SYSTEMPATH\rewrite.php(44): require_once('C:\\xampp\\htdocs\\ci4_travel\\public\\index.php')
DEBUG - 2025-11-20 05:28:24 --> Session: Class initialized using 'CodeIgniter\Session\Handlers\FileHandler' driver.
CRITICAL - 2025-11-20 05:28:24 --> ErrorException: Undefined variable $rute
[Method: GET, Route: pesanan/konfirmasi]
in APPPATH\Views\pesanan\konfirmasi.php on line 189.
 1 APPPATH\Views\pesanan\konfirmasi.php(189): CodeIgniter\Debug\Exceptions->errorHandler(2, 'Undefined variable $rute', 'C:\\xampp\\htdocs\\ci4_travel\\app\\Views\\pesanan\\konfirmasi.php', 189)
 2 SYSTEMPATH\View\View.php(226): include('C:\\xampp\\htdocs\\ci4_travel\\app\\Views\\pesanan\\konfirmasi.php')
 3 SYSTEMPATH\View\View.php(229): CodeIgniter\View\View->CodeIgniter\View\{closure}()
 4 SYSTEMPATH\Common.php(1167): CodeIgniter\View\View->render('pesanan/konfirmasi', [], true)
 5 APPPATH\Controllers\Konfirmasi.php(32): view('pesanan/konfirmasi', [...])
 6 SYSTEMPATH\CodeIgniter.php(933): App\Controllers\Konfirmasi->index()
 7 SYSTEMPATH\CodeIgniter.php(507): CodeIgniter\CodeIgniter->runController(Object(App\Controllers\Konfirmasi))
 8 SYSTEMPATH\CodeIgniter.php(354): CodeIgniter\CodeIgniter->handleRequest(null, Object(Config\Cache), false)
 9 SYSTEMPATH\Boot.php(363): CodeIgniter\CodeIgniter->run()
10 SYSTEMPATH\Boot.php(68): CodeIgniter\Boot::runCodeIgniter(Object(CodeIgniter\CodeIgniter))
11 FCPATH\index.php(59): CodeIgniter\Boot::bootWeb(Object(Config\Paths))
12 SYSTEMPATH\rewrite.php(44): require_once('C:\\xampp\\htdocs\\ci4_travel\\public\\index.php')
DEBUG - 2025-11-20 05:28:26 --> Session: Class initialized using 'CodeIgniter\Session\Handlers\FileHandler' driver.
CRITICAL - 2025-11-20 05:28:26 --> ErrorException: Undefined variable $rute
[Method: GET, Route: pesanan/konfirmasi]
in APPPATH\Views\pesanan\konfirmasi.php on line 189.
 1 APPPATH\Views\pesanan\konfirmasi.php(189): CodeIgniter\Debug\Exceptions->errorHandler(2, 'Undefined variable $rute', 'C:\\xampp\\htdocs\\ci4_travel\\app\\Views\\pesanan\\konfirmasi.php', 189)
 2 SYSTEMPATH\View\View.php(226): include('C:\\xampp\\htdocs\\ci4_travel\\app\\Views\\pesanan\\konfirmasi.php')
 3 SYSTEMPATH\View\View.php(229): CodeIgniter\View\View->CodeIgniter\View\{closure}()
 4 SYSTEMPATH\Common.php(1167): CodeIgniter\View\View->render('pesanan/konfirmasi', [], true)
 5 APPPATH\Controllers\Konfirmasi.php(32): view('pesanan/konfirmasi', [...])
 6 SYSTEMPATH\CodeIgniter.php(933): App\Controllers\Konfirmasi->index()
 7 SYSTEMPATH\CodeIgniter.php(507): CodeIgniter\CodeIgniter->runController(Object(App\Controllers\Konfirmasi))
 8 SYSTEMPATH\CodeIgniter.php(354): CodeIgniter\CodeIgniter->handleRequest(null, Object(Config\Cache), false)
 9 SYSTEMPATH\Boot.php(363): CodeIgniter\CodeIgniter->run()
10 SYSTEMPATH\Boot.php(68): CodeIgniter\Boot::runCodeIgniter(Object(CodeIgniter\CodeIgniter))
11 FCPATH\index.php(59): CodeIgniter\Boot::bootWeb(Object(Config\Paths))
12 SYSTEMPATH\rewrite.php(44): require_once('C:\\xampp\\htdocs\\ci4_travel\\public\\index.php')
DEBUG - 2025-11-20 05:28:39 --> Session: Class initialized using 'CodeIgniter\Session\Handlers\FileHandler' driver.
CRITICAL - 2025-11-20 05:28:39 --> ErrorException: Undefined variable $rute
[Method: GET, Route: pesanan/konfirmasi]
in APPPATH\Views\pesanan\konfirmasi.php on line 188.
 1 APPPATH\Views\pesanan\konfirmasi.php(188): CodeIgniter\Debug\Exceptions->errorHandler(2, 'Undefined variable $rute', 'C:\\xampp\\htdocs\\ci4_travel\\app\\Views\\pesanan\\konfirmasi.php', 188)
 2 SYSTEMPATH\View\View.php(226): include('C:\\xampp\\htdocs\\ci4_travel\\app\\Views\\pesanan\\konfirmasi.php')
 3 SYSTEMPATH\View\View.php(229): CodeIgniter\View\View->CodeIgniter\View\{closure}()
 4 SYSTEMPATH\Common.php(1167): CodeIgniter\View\View->render('pesanan/konfirmasi', [], true)
 5 APPPATH\Controllers\Konfirmasi.php(32): view('pesanan/konfirmasi', [...])
 6 SYSTEMPATH\CodeIgniter.php(933): App\Controllers\Konfirmasi->index()
 7 SYSTEMPATH\CodeIgniter.php(507): CodeIgniter\CodeIgniter->runController(Object(App\Controllers\Konfirmasi))
 8 SYSTEMPATH\CodeIgniter.php(354): CodeIgniter\CodeIgniter->handleRequest(null, Object(Config\Cache), false)
 9 SYSTEMPATH\Boot.php(363): CodeIgniter\CodeIgniter->run()
10 SYSTEMPATH\Boot.php(68): CodeIgniter\Boot::runCodeIgniter(Object(CodeIgniter\CodeIgniter))
11 FCPATH\index.php(59): CodeIgniter\Boot::bootWeb(Object(Config\Paths))
12 SYSTEMPATH\rewrite.php(44): require_once('C:\\xampp\\htdocs\\ci4_travel\\public\\index.php')
DEBUG - 2025-11-20 05:28:53 --> Session: Class initialized using 'CodeIgniter\Session\Handlers\FileHandler' driver.
CRITICAL - 2025-11-20 05:28:53 --> ErrorException: Undefined variable $id_rute
[Method: GET, Route: pesanan/konfirmasi]
in APPPATH\Views\pesanan\konfirmasi.php on line 189.
 1 APPPATH\Views\pesanan\konfirmasi.php(189): CodeIgniter\Debug\Exceptions->errorHandler(2, 'Undefined variable $id_rute', 'C:\\xampp\\htdocs\\ci4_travel\\app\\Views\\pesanan\\konfirmasi.php', 189)
 2 SYSTEMPATH\View\View.php(226): include('C:\\xampp\\htdocs\\ci4_travel\\app\\Views\\pesanan\\konfirmasi.php')
 3 SYSTEMPATH\View\View.php(229): CodeIgniter\View\View->CodeIgniter\View\{closure}()
 4 SYSTEMPATH\Common.php(1167): CodeIgniter\View\View->render('pesanan/konfirmasi', [], true)
 5 APPPATH\Controllers\Konfirmasi.php(32): view('pesanan/konfirmasi', [...])
 6 SYSTEMPATH\CodeIgniter.php(933): App\Controllers\Konfirmasi->index()
 7 SYSTEMPATH\CodeIgniter.php(507): CodeIgniter\CodeIgniter->runController(Object(App\Controllers\Konfirmasi))
 8 SYSTEMPATH\CodeIgniter.php(354): CodeIgniter\CodeIgniter->handleRequest(null, Object(Config\Cache), false)
 9 SYSTEMPATH\Boot.php(363): CodeIgniter\CodeIgniter->run()
10 SYSTEMPATH\Boot.php(68): CodeIgniter\Boot::runCodeIgniter(Object(CodeIgniter\CodeIgniter))
11 FCPATH\index.php(59): CodeIgniter\Boot::bootWeb(Object(Config\Paths))
12 SYSTEMPATH\rewrite.php(44): require_once('C:\\xampp\\htdocs\\ci4_travel\\public\\index.php')
DEBUG - 2025-11-20 05:29:44 --> Session: Class initialized using 'CodeIgniter\Session\Handlers\FileHandler' driver.
CRITICAL - 2025-11-20 05:29:44 --> ErrorException: Undefined variable $id_mobil
[Method: GET, Route: pesanan/konfirmasi]
in APPPATH\Views\pesanan\konfirmasi.php on line 195.
 1 APPPATH\Views\pesanan\konfirmasi.php(195): CodeIgniter\Debug\Exceptions->errorHandler(2, 'Undefined variable $id_mobil', 'C:\\xampp\\htdocs\\ci4_travel\\app\\Views\\pesanan\\konfirmasi.php', 195)
 2 SYSTEMPATH\View\View.php(226): include('C:\\xampp\\htdocs\\ci4_travel\\app\\Views\\pesanan\\konfirmasi.php')
 3 SYSTEMPATH\View\View.php(229): CodeIgniter\View\View->CodeIgniter\View\{closure}()
 4 SYSTEMPATH\Common.php(1167): CodeIgniter\View\View->render('pesanan/konfirmasi', [], true)
 5 APPPATH\Controllers\Konfirmasi.php(32): view('pesanan/konfirmasi', [...])
 6 SYSTEMPATH\CodeIgniter.php(933): App\Controllers\Konfirmasi->index()
 7 SYSTEMPATH\CodeIgniter.php(507): CodeIgniter\CodeIgniter->runController(Object(App\Controllers\Konfirmasi))
 8 SYSTEMPATH\CodeIgniter.php(354): CodeIgniter\CodeIgniter->handleRequest(null, Object(Config\Cache), false)
 9 SYSTEMPATH\Boot.php(363): CodeIgniter\CodeIgniter->run()
10 SYSTEMPATH\Boot.php(68): CodeIgniter\Boot::runCodeIgniter(Object(CodeIgniter\CodeIgniter))
11 FCPATH\index.php(59): CodeIgniter\Boot::bootWeb(Object(Config\Paths))
12 SYSTEMPATH\rewrite.php(44): require_once('C:\\xampp\\htdocs\\ci4_travel\\public\\index.php')
DEBUG - 2025-11-20 05:30:28 --> Session: Class initialized using 'CodeIgniter\Session\Handlers\FileHandler' driver.
CRITICAL - 2025-11-20 05:30:29 --> ErrorException: Undefined variable $nam_mobil
[Method: GET, Route: pesanan/konfirmasi]
in APPPATH\Views\pesanan\konfirmasi.php on line 195.
 1 APPPATH\Views\pesanan\konfirmasi.php(195): CodeIgniter\Debug\Exceptions->errorHandler(2, 'Undefined variable $nam_mobil', 'C:\\xampp\\htdocs\\ci4_travel\\app\\Views\\pesanan\\konfirmasi.php', 195)
 2 SYSTEMPATH\View\View.php(226): include('C:\\xampp\\htdocs\\ci4_travel\\app\\Views\\pesanan\\konfirmasi.php')
 3 SYSTEMPATH\View\View.php(229): CodeIgniter\View\View->CodeIgniter\View\{closure}()
 4 SYSTEMPATH\Common.php(1167): CodeIgniter\View\View->render('pesanan/konfirmasi', [], true)
 5 APPPATH\Controllers\Konfirmasi.php(32): view('pesanan/konfirmasi', [...])
 6 SYSTEMPATH\CodeIgniter.php(933): App\Controllers\Konfirmasi->index()
 7 SYSTEMPATH\CodeIgniter.php(507): CodeIgniter\CodeIgniter->runController(Object(App\Controllers\Konfirmasi))
 8 SYSTEMPATH\CodeIgniter.php(354): CodeIgniter\CodeIgniter->handleRequest(null, Object(Config\Cache), false)
 9 SYSTEMPATH\Boot.php(363): CodeIgniter\CodeIgniter->run()
10 SYSTEMPATH\Boot.php(68): CodeIgniter\Boot::runCodeIgniter(Object(CodeIgniter\CodeIgniter))
11 FCPATH\index.php(59): CodeIgniter\Boot::bootWeb(Object(Config\Paths))
12 SYSTEMPATH\rewrite.php(44): require_once('C:\\xampp\\htdocs\\ci4_travel\\public\\index.php')
DEBUG - 2025-11-20 05:30:30 --> Session: Class initialized using 'CodeIgniter\Session\Handlers\FileHandler' driver.
CRITICAL - 2025-11-20 05:30:30 --> ErrorException: Undefined variable $nam_mobil
[Method: GET, Route: pesanan/konfirmasi]
in APPPATH\Views\pesanan\konfirmasi.php on line 195.
 1 APPPATH\Views\pesanan\konfirmasi.php(195): CodeIgniter\Debug\Exceptions->errorHandler(2, 'Undefined variable $nam_mobil', 'C:\\xampp\\htdocs\\ci4_travel\\app\\Views\\pesanan\\konfirmasi.php', 195)
 2 SYSTEMPATH\View\View.php(226): include('C:\\xampp\\htdocs\\ci4_travel\\app\\Views\\pesanan\\konfirmasi.php')
 3 SYSTEMPATH\View\View.php(229): CodeIgniter\View\View->CodeIgniter\View\{closure}()
 4 SYSTEMPATH\Common.php(1167): CodeIgniter\View\View->render('pesanan/konfirmasi', [], true)
 5 APPPATH\Controllers\Konfirmasi.php(32): view('pesanan/konfirmasi', [...])
 6 SYSTEMPATH\CodeIgniter.php(933): App\Controllers\Konfirmasi->index()
 7 SYSTEMPATH\CodeIgniter.php(507): CodeIgniter\CodeIgniter->runController(Object(App\Controllers\Konfirmasi))
 8 SYSTEMPATH\CodeIgniter.php(354): CodeIgniter\CodeIgniter->handleRequest(null, Object(Config\Cache), false)
 9 SYSTEMPATH\Boot.php(363): CodeIgniter\CodeIgniter->run()
10 SYSTEMPATH\Boot.php(68): CodeIgniter\Boot::runCodeIgniter(Object(CodeIgniter\CodeIgniter))
11 FCPATH\index.php(59): CodeIgniter\Boot::bootWeb(Object(Config\Paths))
12 SYSTEMPATH\rewrite.php(44): require_once('C:\\xampp\\htdocs\\ci4_travel\\public\\index.php')
DEBUG - 2025-11-20 05:30:39 --> Session: Class initialized using 'CodeIgniter\Session\Handlers\FileHandler' driver.
CRITICAL - 2025-11-20 05:30:39 --> ErrorException: Undefined variable $jumlah_kursi
[Method: GET, Route: pesanan/konfirmasi]
in APPPATH\Views\pesanan\konfirmasi.php on line 199.
 1 APPPATH\Views\pesanan\konfirmasi.php(199): CodeIgniter\Debug\Exceptions->errorHandler(2, 'Undefined variable $jumlah_kursi', 'C:\\xampp\\htdocs\\ci4_travel\\app\\Views\\pesanan\\konfirmasi.php', 199)
 2 SYSTEMPATH\View\View.php(226): include('C:\\xampp\\htdocs\\ci4_travel\\app\\Views\\pesanan\\konfirmasi.php')
 3 SYSTEMPATH\View\View.php(229): CodeIgniter\View\View->CodeIgniter\View\{closure}()
 4 SYSTEMPATH\Common.php(1167): CodeIgniter\View\View->render('pesanan/konfirmasi', [], true)
 5 APPPATH\Controllers\Konfirmasi.php(32): view('pesanan/konfirmasi', [...])
 6 SYSTEMPATH\CodeIgniter.php(933): App\Controllers\Konfirmasi->index()
 7 SYSTEMPATH\CodeIgniter.php(507): CodeIgniter\CodeIgniter->runController(Object(App\Controllers\Konfirmasi))
 8 SYSTEMPATH\CodeIgniter.php(354): CodeIgniter\CodeIgniter->handleRequest(null, Object(Config\Cache), false)
 9 SYSTEMPATH\Boot.php(363): CodeIgniter\CodeIgniter->run()
10 SYSTEMPATH\Boot.php(68): CodeIgniter\Boot::runCodeIgniter(Object(CodeIgniter\CodeIgniter))
11 FCPATH\index.php(59): CodeIgniter\Boot::bootWeb(Object(Config\Paths))
12 SYSTEMPATH\rewrite.php(44): require_once('C:\\xampp\\htdocs\\ci4_travel\\public\\index.php')
DEBUG - 2025-11-20 05:31:42 --> Session: Class initialized using 'CodeIgniter\Session\Handlers\FileHandler' driver.
CRITICAL - 2025-11-20 05:31:42 --> ErrorException: Undefined variable $total_harga
[Method: GET, Route: pesanan/konfirmasi]
in APPPATH\Views\pesanan\konfirmasi.php on line 221.
 1 APPPATH\Views\pesanan\konfirmasi.php(221): CodeIgniter\Debug\Exceptions->errorHandler(2, 'Undefined variable $total_harga', 'C:\\xampp\\htdocs\\ci4_travel\\app\\Views\\pesanan\\konfirmasi.php', 221)
 2 SYSTEMPATH\View\View.php(226): include('C:\\xampp\\htdocs\\ci4_travel\\app\\Views\\pesanan\\konfirmasi.php')
 3 SYSTEMPATH\View\View.php(229): CodeIgniter\View\View->CodeIgniter\View\{closure}()
 4 SYSTEMPATH\Common.php(1167): CodeIgniter\View\View->render('pesanan/konfirmasi', [], true)
 5 APPPATH\Controllers\Konfirmasi.php(32): view('pesanan/konfirmasi', [...])
 6 SYSTEMPATH\CodeIgniter.php(933): App\Controllers\Konfirmasi->index()
 7 SYSTEMPATH\CodeIgniter.php(507): CodeIgniter\CodeIgniter->runController(Object(App\Controllers\Konfirmasi))
 8 SYSTEMPATH\CodeIgniter.php(354): CodeIgniter\CodeIgniter->handleRequest(null, Object(Config\Cache), false)
 9 SYSTEMPATH\Boot.php(363): CodeIgniter\CodeIgniter->run()
10 SYSTEMPATH\Boot.php(68): CodeIgniter\Boot::runCodeIgniter(Object(CodeIgniter\CodeIgniter))
11 FCPATH\index.php(59): CodeIgniter\Boot::bootWeb(Object(Config\Paths))
12 SYSTEMPATH\rewrite.php(44): require_once('C:\\xampp\\htdocs\\ci4_travel\\public\\index.php')
DEBUG - 2025-11-20 05:32:24 --> Session: Class initialized using 'CodeIgniter\Session\Handlers\FileHandler' driver.
DEBUG - 2025-11-20 05:32:36 --> Session: Class initialized using 'CodeIgniter\Session\Handlers\FileHandler' driver.
DEBUG - 2025-11-20 05:32:38 --> Session: Class initialized using 'CodeIgniter\Session\Handlers\FileHandler' driver.
DEBUG - 2025-11-20 05:32:39 --> Session: Class initialized using 'CodeIgniter\Session\Handlers\FileHandler' driver.
DEBUG - 2025-11-20 05:32:40 --> Session: Class initialized using 'CodeIgniter\Session\Handlers\FileHandler' driver.
DEBUG - 2025-11-20 05:32:41 --> Session: Class initialized using 'CodeIgniter\Session\Handlers\FileHandler' driver.
DEBUG - 2025-11-20 05:32:43 --> Session: Class initialized using 'CodeIgniter\Session\Handlers\FileHandler' driver.
DEBUG - 2025-11-20 05:32:47 --> Session: Class initialized using 'CodeIgniter\Session\Handlers\FileHandler' driver.
DEBUG - 2025-11-20 05:33:04 --> Session: Class initialized using 'CodeIgniter\Session\Handlers\FileHandler' driver.
DEBUG - 2025-11-20 05:33:04 --> Session: Class initialized using 'CodeIgniter\Session\Handlers\FileHandler' driver.
DEBUG - 2025-11-20 05:33:07 --> Session: Class initialized using 'CodeIgniter\Session\Handlers\FileHandler' driver.
DEBUG - 2025-11-20 05:33:10 --> Session: Class initialized using 'CodeIgniter\Session\Handlers\FileHandler' driver.
DEBUG - 2025-11-20 05:33:12 --> Session: Class initialized using 'CodeIgniter\Session\Handlers\FileHandler' driver.
DEBUG - 2025-11-20 05:34:19 --> Session: Class initialized using 'CodeIgniter\Session\Handlers\FileHandler' driver.
DEBUG - 2025-11-20 05:37:11 --> Session: Class initialized using 'CodeIgniter\Session\Handlers\FileHandler' driver.
DEBUG - 2025-11-20 05:37:15 --> Session: Class initialized using 'CodeIgniter\Session\Handlers\FileHandler' driver.
DEBUG - 2025-11-20 05:37:18 --> Session: Class initialized using 'CodeIgniter\Session\Handlers\FileHandler' driver.
DEBUG - 2025-11-20 05:37:21 --> Session: Class initialized using 'CodeIgniter\Session\Handlers\FileHandler' driver.
DEBUG - 2025-11-20 05:38:02 --> Session: Class initialized using 'CodeIgniter\Session\Handlers\FileHandler' driver.
DEBUG - 2025-11-20 05:38:19 --> Session: Class initialized using 'CodeIgniter\Session\Handlers\FileHandler' driver.
DEBUG - 2025-11-20 05:38:22 --> Session: Class initialized using 'CodeIgniter\Session\Handlers\FileHandler' driver.
DEBUG - 2025-11-20 05:39:15 --> Session: Class initialized using 'CodeIgniter\Session\Handlers\FileHandler' driver.
DEBUG - 2025-11-20 05:41:10 --> Session: Class initialized using 'CodeIgniter\Session\Handlers\FileHandler' driver.
DEBUG - 2025-11-20 05:41:45 --> Session: Class initialized using 'CodeIgniter\Session\Handlers\FileHandler' driver.
DEBUG - 2025-11-20 05:42:05 --> Session: Class initialized using 'CodeIgniter\Session\Handlers\FileHandler' driver.
CRITICAL - 2025-11-20 05:42:05 --> ErrorException: Undefined variable $id_rute
[Method: GET, Route: pesanan/konfirmasi]
in APPPATH\Views\pesanan\konfirmasi.php on line 189.
 1 APPPATH\Views\pesanan\konfirmasi.php(189): CodeIgniter\Debug\Exceptions->errorHandler(2, 'Undefined variable $id_rute', 'C:\\xampp\\htdocs\\ci4_travel\\app\\Views\\pesanan\\konfirmasi.php', 189)
 2 SYSTEMPATH\View\View.php(226): include('C:\\xampp\\htdocs\\ci4_travel\\app\\Views\\pesanan\\konfirmasi.php')
 3 SYSTEMPATH\View\View.php(229): CodeIgniter\View\View->CodeIgniter\View\{closure}()
 4 SYSTEMPATH\Common.php(1167): CodeIgniter\View\View->render('pesanan/konfirmasi', [], true)
 5 APPPATH\Controllers\Konfirmasi.php(32): view('pesanan/konfirmasi', [...])
 6 SYSTEMPATH\CodeIgniter.php(933): App\Controllers\Konfirmasi->index()
 7 SYSTEMPATH\CodeIgniter.php(507): CodeIgniter\CodeIgniter->runController(Object(App\Controllers\Konfirmasi))
 8 SYSTEMPATH\CodeIgniter.php(354): CodeIgniter\CodeIgniter->handleRequest(null, Object(Config\Cache), false)
 9 SYSTEMPATH\Boot.php(363): CodeIgniter\CodeIgniter->run()
10 SYSTEMPATH\Boot.php(68): CodeIgniter\Boot::runCodeIgniter(Object(CodeIgniter\CodeIgniter))
11 FCPATH\index.php(59): CodeIgniter\Boot::bootWeb(Object(Config\Paths))
12 SYSTEMPATH\rewrite.php(44): require_once('C:\\xampp\\htdocs\\ci4_travel\\public\\index.php')
DEBUG - 2025-11-20 05:42:09 --> Session: Class initialized using 'CodeIgniter\Session\Handlers\FileHandler' driver.
